[29/03/2021 22:33:39] [INFO] 
id: MLA910967571 
title: Bicicleta Fija Tradicional Jdm Sports 8001 Roja 
category_id: MLA3095 
name: Bicicletas Fijas 

[29/03/2021 22:33:39] [INFO] 
id: MLA897141623 
title: Bicicleta Fija Tradicional Jdm Sports 8001 Negra 
category_id: MLA3095 
name: Bicicletas Fijas 

[29/03/2021 22:33:39] [INFO] 
id: MLA902044167 
title:  Xiaomi Mi Tv Stick Mdz-24-aa  De Voz Full Hd 8gb  Negro Con 1gb De Memoria Ram 
category_id: MLA352001 
name: Media Streaming 

[29/03/2021 22:33:40] [INFO] 
id: MLA897506188 
title: Cinta De Correr Eléctrica Movement Lx 160i G4 220v Negra Y Gris 
category_id: MLA3725 
name: Cintas para Correr 

[29/03/2021 22:33:40] [INFO] 
id: MLA885873140 
title: Cinta De Correr Eléctrica Olmo Advanced+ Fitness 93 220v Negra Y Plateada 
category_id: MLA3725 
name: Cintas para Correr 

[29/03/2021 22:33:40] [INFO] 
id: MLA897141990 
title: Cinta De Correr Eléctrica Olmo Roadrunner Fitness 94 220v Negra Y Plateada 
category_id: MLA3725 
name: Cintas para Correr 

[29/03/2021 22:33:40] [INFO] 
id: MLA870640117 
title: Cinta De Correr Eléctrica Movement Rt Cardio Rt 250 G3 220v 
category_id: MLA3725 
name: Cintas para Correr 

[29/03/2021 22:33:41] [INFO] 
id: MLA612784245 
title: Gorras De Natacion Lycra Varios Colores Nereo Pileta Gorros 
category_id: MLA18366 
name: Gorras 

[29/03/2021 22:33:41] [INFO] 
id: MLA614281753 
title: Colchoneta Mat 8 Mm Para Yoga Pilates Fitness Pvc Alfombra 
category_id: MLA44765 
name: Mats 

[29/03/2021 22:33:41] [INFO] 
id: MLA875521534 
title: Mascara Facial Profesional M5 Burbuja Sanitaria Transparente 
category_id: MLA420243 
name: Visores de Protección Facial 

[29/03/2021 22:33:42] [INFO] 
id: MLA615419175 
title: Mancuerna Fundicion 1 Kg Pesa 100% Metal Maciza Kilo Cap Fed 
category_id: MLA65816 
name: Mancuernas y Pesas 

[29/03/2021 22:33:42] [INFO] 
id: MLA841379244 
title: Palo De Hockey Tk Total Four Mulberry Midi 38 O 39 Mad+fibra 
category_id: MLA12212 
name: Palos 

[29/03/2021 22:33:42] [INFO] 
id: MLA618434928 
title: Cinturon Faixa Jiu Jitsu Shiai Tokaido Brazilian Kimono Bjj 
category_id: MLA430676 
name: Cinturones 

[29/03/2021 22:33:43] [INFO] 
id: MLA609370058 
title: Par De Tobilleras 2 Kg Con Abrojo Pesas Kilos Gym Fitness 
category_id: MLA12230 
name: Tobilleras y Muñequeras 

[29/03/2021 22:33:43] [INFO] 
id: MLA621007951 
title: Bicicleta Fija Reloj Digital 5 Funciones Cinta Mecanica 
category_id: MLA3095 
name: Bicicletas Fijas 

[29/03/2021 22:33:44] [INFO] 
id: MLA604046780 
title: Mat Colchoneta Espesor 7 Mm Enrollable Pilates Yoga Gimnasia 
category_id: MLA44765 
name: Mats 

[29/03/2021 22:33:44] [INFO] 
id: MLA750880420 
title: Par De Mancuernas Fundicion 4 Kg Pesa 100% Metal Maciza 
category_id: MLA65816 
name: Mancuernas y Pesas 

[29/03/2021 22:33:44] [INFO] 
id: MLA858043848 
title: Banda Elastica Con Manijas Proyec Reforzada Latex Cuotas  
category_id: MLA12222 
name: Bandas Elásticas 

[29/03/2021 22:33:44] [INFO] 
id: MLA605686328 
title: Mancuerna De Fundicion 2 Kg Pesa Gimnasio De Metal Maciza 
category_id: MLA65816 
name: Mancuernas y Pesas 

[29/03/2021 22:33:45] [INFO] 
id: MLA615419178 
title: Kit Mancuerna Roscada Cromada Metal +  5kg Discos 36x3 Cm 
category_id: MLA65816 
name: Mancuernas y Pesas 

[29/03/2021 22:33:45] [INFO] 
id: MLA866920684 
title: Bolsa Boxeo Everlast 90lb 110 Cm Heavy Bag Kick Muay Mma Box 
category_id: MLA66152 
name: Bolsas 

[29/03/2021 22:33:45] [INFO] 
id: MLA872230212 
title: Par De Medias Entrenamiento Penalty Adulto Caña Baja Cuotas 
category_id: MLA37643 
name: Medias de Fútbol 

[29/03/2021 22:33:46] [INFO] 
id: MLA651029926 
title: Disco 1 Kg Body Pump Con Manijas Pvc Pesas Para Mancuernas 
category_id: MLA65816 
name: Mancuernas y Pesas 

[29/03/2021 22:33:46] [INFO] 
id: MLA750880983 
title: Par De Mancuernas Fundicion 5 Kg Pesa 100% Metal Maciza 
category_id: MLA65816 
name: Mancuernas y Pesas 

[29/03/2021 22:33:46] [INFO] 
id: MLA873518675 
title: Colchoneta Mat 6 Mm Tpe + Algodon Ecologica Yoga Gym Cuotas 
category_id: MLA44765 
name: Mats 

[29/03/2021 22:33:46] [INFO] 
id: MLA615450361 
title: Mancuerna Roscada Cromadas Metal Maciza +2 Topes Pesas 30 Mm 
category_id: MLA65816 
name: Mancuernas y Pesas 

[29/03/2021 22:33:47] [INFO] 
id: MLA616078805 
title: Colchoneta 1 X 0,5 X0,04 M Lona Plastica Con Cierre Cap Fed 
category_id: MLA12257 
name: Colchonetas 

[29/03/2021 22:33:47] [INFO] 
id: MLA617040103 
title: Mancuerna Recubierta Con Goma 3 Kg Pesa Gimnasio Importada 
category_id: MLA65816 
name: Mancuernas y Pesas 

[29/03/2021 22:33:47] [INFO] 
id: MLA877596911 
title: Colchoneta Mat Yoga Pilates Matrixcel 15 Mm Fitness Softee  
category_id: MLA44765 
name: Mats 

[29/03/2021 22:33:48] [INFO] 
id: MLA750880317 
title: Par De Mancuernas Fundicion 3 Kg Pesa 100% Metal Maciza 
category_id: MLA65816 
name: Mancuernas y Pesas 

[29/03/2021 22:33:48] [INFO] 
id: MLA618702334 
title: Mancuerna De Fundicion 3 Kg Pesa Gimnasio De Metal Maciza 
category_id: MLA65816 
name: Mancuernas y Pesas 

[29/03/2021 22:33:48] [INFO] 
id: MLA750881579 
title: Par De Mancuernas Fundicion 10 Kg Pesa 100% Metal Maciza 
category_id: MLA65816 
name: Mancuernas y Pesas 

[29/03/2021 22:33:48] [INFO] 
id: MLA750881205 
title: Par De Mancuernas Fundicion 7 Kg Pesa 100% Metal Maciza 
category_id: MLA65816 
name: Mancuernas y Pesas 

[29/03/2021 22:33:49] [INFO] 
id: MLA875522899 
title: Mascara Facial Profesional M5 Burbuja Sanitaria Vision Cuota 
category_id: MLA420243 
name: Visores de Protección Facial 

[29/03/2021 22:33:49] [INFO] 
id: MLA609221027 
title: Antiparras Natacion Meolans Marfed Sueco Espejado Suecas Pro 
category_id: MLA18362 
name: Antiparras 

[29/03/2021 22:33:49] [INFO] 
id: MLA617666609 
title: Mancuerna Roscada 36 Cm X 30mm Cromada Metal Maciza +2 Topes 
category_id: MLA65816 
name: Mancuernas y Pesas 

[29/03/2021 22:33:50] [INFO] 
id: MLA839694109 
title: Canilleras Hockey Anatomicas Tk T1 Twist C/ Tobillo + Funda 
category_id: MLA412619 
name: Guantes 

[29/03/2021 22:33:50] [INFO] 
id: MLA614962689 
title: Tobilleras El Par 1 Kg Con Abrojo Capital Fed Pesa Kilo Peso 
category_id: MLA12230 
name: Tobilleras y Muñequeras 

[29/03/2021 22:33:50] [INFO] 
id: MLA616452712 
title: Mancuerna De 9 Kg Fundicion Metal Maciza Pesas Gym Cap Fed 
category_id: MLA65816 
name: Mancuernas y Pesas 

[29/03/2021 22:33:50] [INFO] 
id: MLA871809918 
title: Kit Par Mancuernas Hexagonal Caucho Y Cromada Get Fit 15 Kg  
category_id: MLA65816 
name: Mancuernas y Pesas 

[29/03/2021 22:33:51] [INFO] 
id: MLA625795219 
title: Cinturon Natacion De Goma Eva Cintura Nadar Flotador 
category_id: MLA18367 
name: Otros 

[29/03/2021 22:33:51] [INFO] 
id: MLA876566742 
title: Kit 2 Mancuernas Hexagonales De Caucho Get Fit 8 Kg Envio 
category_id: MLA65816 
name: Mancuernas y Pesas 

[29/03/2021 22:33:51] [INFO] 
id: MLA705449364 
title: Colchoneta Mat Ecologica Yoga Pilates Fitness Tpe + Algodon 
category_id: MLA44765 
name: Mats 

[29/03/2021 22:33:52] [INFO] 
id: MLA614483234 
title: Mancuerna De 8 Kg Fundicion Metal Maciza Pesa Gym Cap Fed 
category_id: MLA65816 
name: Mancuernas y Pesas 

[29/03/2021 22:33:52] [INFO] 
id: MLA859848174 
title: Mancuerna Roscada Hierro Engomado + Topes Barra Metal Maciza 
category_id: MLA65816 
name: Mancuernas y Pesas 

[29/03/2021 22:33:52] [INFO] 
id: MLA871651034 
title: Zapatillas Penalty Quest Urban Ix Adultos Calzado Calle  
category_id: MLA109027 
name: Zapatillas 

[29/03/2021 22:33:52] [INFO] 
id: MLA852445417 
title: Mancuerna 9 Kg Recubierta Con Goma Pesa Gimnasio Importada 
category_id: MLA65816 
name: Mancuernas y Pesas 

[29/03/2021 22:33:53] [INFO] 
id: MLA626065110 
title: Medias Tk Hockey Lisa O Rayadas Para Dama Niñas Mujer 
category_id: MLA79272 
name: Otros 

[29/03/2021 22:33:53] [INFO] 
id: MLA750881073 
title: Par De Mancuernas Fundicion 6 Kg Pesa 100% Metal Maciza 
category_id: MLA65816 
name: Mancuernas y Pesas 

[29/03/2021 22:33:53] [INFO] 
id: MLA609411229 
title: Mancuerna Recubierta Con Goma 1 Kg Pesa Gimnasio Importada 
category_id: MLA65816 
name: Mancuernas y Pesas 

[29/03/2021 22:33:54] [INFO] 
id: MLA804719529 
title: Guitarra Electrica Infantil Musical Smile 
category_id: MLA90325 
name: Guitarras 

[29/03/2021 22:33:54] [INFO] 
id: MLA617164649 
title: Rasti Mix 300 Piezas Ladrillos Color Bloques De Todo  Smile 
category_id: MLA1157 
name: Bloques y Figuras para Armar 

[29/03/2021 22:33:55] [INFO] 
id: MLA729148065 
title: Juliana Doctora Valija Grande Con Luz Y Sonido En Smile 
category_id: MLA352340 
name: Valijitas de Juguete 

[29/03/2021 22:33:55] [INFO] 
id: MLA799194910 
title: Blocky Bomberos Estación Central  290 Piezas En Smile 
category_id: MLA1157 
name: Bloques y Figuras para Armar 

[29/03/2021 22:33:55] [INFO] 
id: MLA869883012 
title: Blume Doll Original Tv Muñeca Sorpresa Kreker  Smile 
category_id: MLA2968 
name: Muñecas y Bebotes 

[29/03/2021 22:33:56] [INFO] 
id: MLA864455524 
title: Saxo Musical Niño Dorado Plástico 8 Teclas Grande Smile 
category_id: MLA90326 
name: Otros 

[29/03/2021 22:33:56] [INFO] 
id: MLA758210920 
title: Blocky Chicas Luna Veterinaria 150 Ladrillos Bloques Smile 
category_id: MLA1157 
name: Bloques y Figuras para Armar 

[29/03/2021 22:33:56] [INFO] 
id: MLA678795281 
title: Blocky Fantasia 3 230 Piezas Bloques Ladrillos Nena En Smile 
category_id: MLA1157 
name: Bloques y Figuras para Armar 

[29/03/2021 22:33:56] [INFO] 
id: MLA830296469 
title: Torta De Cumpleaños Musical Unicornio Chica Smile 
category_id: MLA352340 
name: Valijitas de Juguete 

[29/03/2021 22:33:57] [INFO] 
id: MLA696107370 
title: Bimbi Acqua Set Agua Arena Juego Completo Bebe Smile 
category_id: MLA27819 
name: Sonajeros 

[29/03/2021 22:33:57] [INFO] 
id: MLA759037490 
title: Tunel Autoarmable Tela Infantil  138 X 45 X 45 En Smile 
category_id: MLA432992 
name: Otros 

[29/03/2021 22:33:57] [INFO] 
id: MLA647484890 
title: Juliana Mi Mascota Valija Porta Mascota Canil Grande Smile 
category_id: MLA352340 
name: Valijitas de Juguete 

[29/03/2021 22:33:58] [INFO] 
id: MLA631066562 
title: Blocky Super Policias 150 Ladrillos Bloques Jugueteria Smile 
category_id: MLA1157 
name: Bloques y Figuras para Armar 

[29/03/2021 22:33:58] [INFO] 
id: MLA774267052 
title: Blocky Chicas Food Truck Con 65 Piezas Original Dimare Smile 
category_id: MLA1157 
name: Bloques y Figuras para Armar 

[29/03/2021 22:33:58] [INFO] 
id: MLA614718205 
title: Arco De Futbol 3 En 1 120 X 80  Y 180 X 120  Dimare  Smile 
category_id: MLA454740 
name: Arcos de Fútbol 

[29/03/2021 22:33:58] [INFO] 
id: MLA614555051 
title: Blocky House Casa Completa 230 Pzas Ladrillos Bloques Smile 
category_id: MLA1157 
name: Bloques y Figuras para Armar 

[29/03/2021 22:33:59] [INFO] 
id: MLA728530914 
title: Saxofon Saxo Musical Juguete Plástico 4 Teclas En Smile 
category_id: MLA90326 
name: Otros 

[29/03/2021 22:33:59] [INFO] 
id: MLA829983760 
title: Muñeco Tipo Ken Piloto De Viaje Smile 
category_id: MLA3422 
name: Muñecos y Figuras de Acción 

[29/03/2021 22:33:59] [INFO] 
id: MLA834661763 
title: Truquera De Madera Tapa Deslizante + Naipes Smile 
category_id: MLA12036 
name: Naipes Españoles 

[29/03/2021 22:34:00] [INFO] 
id: MLA614718143 
title: Arco De Futbol 1.2 X 0.8 Chico Dimare Pvc En Smile 
category_id: MLA454740 
name: Arcos de Fútbol 

[29/03/2021 22:34:00] [INFO] 
id: MLA759531449 
title: Carro De Arrastre Juguete Wagon Carrito  Rondi 3097 Smile 
category_id: MLA37526 
name: Garages-Estaciones de Servicio 

[29/03/2021 22:34:00] [INFO] 
id: MLA757505437 
title: Blocky Dinos Dinosaurios Bloques 150 Pzas  2 Muñecos Smile 
category_id: MLA1157 
name: Bloques y Figuras para Armar 

[29/03/2021 22:34:00] [INFO] 
id: MLA622693556 
title: Cocina Lionels Petit Chica 22 Accesorios Nena Nene En Smile 
category_id: MLA11239 
name: Cocinas de Juguete 

[29/03/2021 22:34:01] [INFO] 
id: MLA903448939 
title: Diseño Imanes Juliana Unicornio Pintar Creativo Smile 
category_id: MLA418285 
name: Masas y Plastilina 

[29/03/2021 22:34:01] [INFO] 
id: MLA752475904 
title: Juliana Frutipaletas Fabrica De Helados Y Jugos Orig Smile 
category_id: MLA352340 
name: Valijitas de Juguete 

[29/03/2021 22:34:01] [INFO] 
id: MLA876779327 
title: Juliana Set De Princesa Zapatitos 1 Corona Smile 
category_id: MLA352340 
name: Valijitas de Juguete 

[29/03/2021 22:34:02] [INFO] 
id: MLA629969204 
title: Rondi Andador Bebe Pata 2 En 1 Rosa Maxi Star  3251 Smile 
category_id: MLA70159 
name: Juegos de Arrastre 

[29/03/2021 22:34:02] [INFO] 
id: MLA774300670 
title: Blocky Chicas Floreria Con 100 Piezas Original Smile 
category_id: MLA1157 
name: Bloques y Figuras para Armar 

[29/03/2021 22:34:02] [INFO] 
id: MLA864453689 
title: Saxo Musical Niño Plateado Plástico 8 Teclas Grande Smile 
category_id: MLA90326 
name: Otros 

[29/03/2021 22:34:03] [INFO] 
id: MLA721154112 
title: Monky Loco Ditoys Monos Juego De Mesa Tv En Smile 
category_id: MLA1161 
name: Juegos de Mesa 

[29/03/2021 22:34:03] [INFO] 
id: MLA872055611 
title: La Granja De Zenon Super Set Creativo 45x45 Smile 
category_id: MLA418303 
name: Kits de Arte para Niños 

[29/03/2021 22:34:03] [INFO] 
id: MLA869938500 
title: Pinypon Auto O Moto  Muñeca Y Accesorios Smile 
category_id: MLA2968 
name: Muñecas y Bebotes 

[29/03/2021 22:34:03] [INFO] 
id: MLA869881924 
title: Volante Didactico Interactivo Luces Y Sonido Kreker En Smile 
category_id: MLA3659 
name: Otros 

[29/03/2021 22:34:04] [INFO] 
id: MLA814216306 
title: Transformer Convertible Robot  Oferta Souvenir X4  Smile 
category_id: MLA90326 
name: Otros 

[29/03/2021 22:34:04] [INFO] 
id: MLA710179445 
title: Rondi Garage  2 Niveles Pista Parking Y Lavadero 7003 Smile 
category_id: MLA37526 
name: Garages-Estaciones de Servicio 

[29/03/2021 22:34:04] [INFO] 
id: MLA617420859 
title: Duravit Cocina Cocinita Chica 33 Accesorios Smile 
category_id: MLA11239 
name: Cocinas de Juguete 

[29/03/2021 22:34:05] [INFO] 
id: MLA879914974 
title: Bracitos Brazalete Salvavida Frozen  25x15cm Vulcanita Smile 
category_id: MLA40387 
name: Inflables para Piscina 

[29/03/2021 22:34:05] [INFO] 
id: MLA813790546 
title: Auto Didactico Para Armar Con Herramientas Smile 
category_id: MLA432838 
name: Sets de Herramientas 

[29/03/2021 22:34:06] [INFO] 
id: MLA774461564 
title: Crico 200 Pzas De Encastre Pinches Bloques Tipo Daki Smile 
category_id: MLA1157 
name: Bloques y Figuras para Armar 

[29/03/2021 22:34:06] [INFO] 
id: MLA677848889 
title: Playbrites Muñeco Velador Luz C/ Accesorios Orig Tv En Smile 
category_id: MLA432889 
name: Otros 

[29/03/2021 22:34:06] [INFO] 
id: MLA799662346 
title: Rescue Runts Rescata Y Proteje A Tu Mascota Kreker En Smile 
category_id: MLA1166 
name: Peluches 

[29/03/2021 22:34:07] [INFO] 
id: MLA852005022 
title: Blocky Ciudad 1 Con 70 Piezas Original Smile 
category_id: MLA1157 
name: Bloques y Figuras para Armar 

[29/03/2021 22:34:07] [INFO] 
id: MLA614959871 
title: Rondi Aro De Basquet De Pie Y Pelota Infantil 94 Cm Smile 
category_id: MLA1394 
name: Pelotas 

[29/03/2021 22:34:07] [INFO] 
id: MLA635672886 
title: Rasti 200 Piezas Basicas Ladrillos Bloques En Smile 
category_id: MLA1157 
name: Bloques y Figuras para Armar 

[29/03/2021 22:34:07] [INFO] 
id: MLA725720657 
title: Flokys Muñeca Jardinera Elena Tipo Playmobil Smile 
category_id: MLA3422 
name: Muñecos y Figuras de Acción 

[29/03/2021 22:34:08] [INFO] 
id: MLA733919261 
title: Rasti Mix 200 Pzas Nenas Nena Bloques Ladrillos Smile 
category_id: MLA1157 
name: Bloques y Figuras para Armar 

[29/03/2021 22:34:08] [INFO] 
id: MLA870965142 
title: Pista De Autos Flexible Dino Track 141 Pz Nex Point En Smile 
category_id: MLA37616 
name: Pistas y Lanzadores de Autos 

[29/03/2021 22:34:08] [INFO] 
id: MLA873004614 
title: 2 Puzzles Rompecabezas Mickey Mouse 12 Y 18 Pzas Smile 
category_id: MLA1858 
name: Rompecabezas 

[29/03/2021 22:34:09] [INFO] 
id: MLA635657247 
title: Chifle Muñeco Goma Bebe Winnie Pooh Para Bañera X 4 Smile 
category_id: MLA74001 
name: Juguetes para el Baño 

[29/03/2021 22:34:09] [INFO] 
id: MLA853229711 
title: Puzzles Rompecabezas La Granja Zenon Tapimovil Smile 
category_id: MLA1858 
name: Rompecabezas 

[29/03/2021 22:34:10] [INFO] 
id: MLA692050072 
title: Paraguas Tropea Mery 
category_id: MLA120368 
name: Neceseres 

[29/03/2021 22:34:10] [INFO] 
id: MLA682980206 
title: Sobre De Fiesta Mujer Tropea Rufina 
category_id: MLA120353 
name: Carteras 

[29/03/2021 22:34:11] [INFO] 
id: MLA767843882 
title: Perfume Tropea Prima Classe 
category_id: MLA1271 
name: Perfumes 

[29/03/2021 22:34:11] [INFO] 
id: MLA913919230 
title: Mochila Mujer Tropea Minerva 
category_id: MLA120350 
name: Mochilas 

[29/03/2021 22:34:12] [INFO] 
id: MLA903363919 
title: Cartera Bandolera Mujer Tropea Magalí 
category_id: MLA120353 
name: Carteras 

[29/03/2021 22:34:12] [INFO] 
id: MLA699228704 
title: Cartera Mujer Tropea Cynthia 
category_id: MLA120353 
name: Carteras 

[29/03/2021 22:34:12] [INFO] 
id: MLA844662094 
title: Cartera Baulito Mujer Tropea Lorenza 
category_id: MLA120353 
name: Carteras 

[29/03/2021 22:34:12] [INFO] 
id: MLA669603935 
title: Cartera Mujer Tropea Veira Liquidación 
category_id: MLA120353 
name: Carteras 

[29/03/2021 22:34:13] [INFO] 
id: MLA604343337 
title: Perfume Mujer Tropea Nero 
category_id: MLA1271 
name: Perfumes 

[29/03/2021 22:34:13] [INFO] 
id: MLA827642788 
title: Cartera Mujer Tropea Susan 
category_id: MLA120353 
name: Carteras 

[29/03/2021 22:34:14] [INFO] 
id: MLA692008146 
title: Paraguas Tropea Rain 
category_id: MLA120368 
name: Neceseres 

[29/03/2021 22:34:14] [INFO] 
id: MLA692049357 
title: Paraguas Tropea Rain 2 
category_id: MLA120368 
name: Neceseres 

[29/03/2021 22:34:14] [INFO] 
id: MLA827210103 
title: Cartera Mujer Tropea Janneth 
category_id: MLA120353 
name: Carteras 

[29/03/2021 22:34:14] [INFO] 
id: MLA817142835 
title: Mochila Mujer Tropea Odila 
category_id: MLA120350 
name: Mochilas 

[29/03/2021 22:34:15] [INFO] 
id: MLA844701355 
title: Cartera Mujer Tropea Kiara 
category_id: MLA120353 
name: Carteras 

[29/03/2021 22:34:15] [INFO] 
id: MLA885839486 
title: Mochila Mujer Tropea Francine 
category_id: MLA120350 
name: Mochilas 

[29/03/2021 22:34:15] [INFO] 
id: MLA694579389 
title: Billetera Mujer Tropea Fiona 
category_id: MLA417712 
name: Billeteras 

[29/03/2021 22:34:15] [INFO] 
id: MLA607831391 
title: Perfume Tropea Lei 
category_id: MLA1271 
name: Perfumes 

[29/03/2021 22:34:16] [INFO] 
id: MLA885793437 
title: Cartera Bandolera Mujer Tropea Davina 
category_id: MLA120353 
name: Carteras 

[29/03/2021 22:34:16] [INFO] 
id: MLA758617903 
title: Billetera Mujer Tropea Victoria 
category_id: MLA417712 
name: Billeteras 

[29/03/2021 22:34:16] [INFO] 
id: MLA747440933 
title: Cartera Mujer Tropea Adabella Liquidacion 
category_id: MLA120353 
name: Carteras 

[29/03/2021 22:34:16] [INFO] 
id: MLA885789699 
title: Sobre Mujer Tropea Joan 
category_id: MLA120353 
name: Carteras 

[29/03/2021 22:34:17] [INFO] 
id: MLA604342861 
title: Perfume Mujer Tropea Bianco 
category_id: MLA1271 
name: Perfumes 

[29/03/2021 22:34:17] [INFO] 
id: MLA862982136 
title: Riñonera Mujer Tropea Karime 
category_id: MLA120353 
name: Carteras 

[29/03/2021 22:34:17] [INFO] 
id: MLA855651372 
title: Mochila Tropea Mujer Eugenia 
category_id: MLA120350 
name: Mochilas 

[29/03/2021 22:34:18] [INFO] 
id: MLA910720010 
title: Cartera Bandolera Mujer Tropea Zina 
category_id: MLA120353 
name: Carteras 

[29/03/2021 22:34:18] [INFO] 
id: MLA792149590 
title: Tarjetero Billetera Automático Tropea Secret Lima 
category_id: MLA417712 
name: Billeteras 

[29/03/2021 22:34:18] [INFO] 
id: MLA846330573 
title: Billetera Mujer Tropea Martie 
category_id: MLA417712 
name: Billeteras 

[29/03/2021 22:34:18] [INFO] 
id: MLA657912760 
title: Billetera Mujer Tropea Ruth 
category_id: MLA417712 
name: Billeteras 

[29/03/2021 22:34:19] [INFO] 
id: MLA845294812 
title: Cartera Bandolera Mujer Tropea Felipa  
category_id: MLA120353 
name: Carteras 

[29/03/2021 22:34:19] [INFO] 
id: MLA779471462 
title: Billetera Mujer Tropea Florence 
category_id: MLA417712 
name: Billeteras 

[29/03/2021 22:34:19] [INFO] 
id: MLA638709590 
title: Cartera Mujer Tropea Olivia 
category_id: MLA120353 
name: Carteras 

[29/03/2021 22:34:20] [INFO] 
id: MLA907910311 
title: Bandolera Porta Celular Tropea Tommy Magic Bag C 
category_id: MLA120353 
name: Carteras 

[29/03/2021 22:34:20] [INFO] 
id: MLA859359985 
title: Cartera Mujer Tropea Samantha 
category_id: MLA120353 
name: Carteras 

[29/03/2021 22:34:20] [INFO] 
id: MLA846525678 
title: Billetera Mujer Tropea Sally 
category_id: MLA417712 
name: Billeteras 

[29/03/2021 22:34:20] [INFO] 
id: MLA822320378 
title: Cartera Mujer Tropea Hattie 
category_id: MLA120353 
name: Carteras 

[29/03/2021 22:34:21] [INFO] 
id: MLA885697967 
title: Sobre Mujer Tropea Reese 
category_id: MLA120353 
name: Carteras 

[29/03/2021 22:34:21] [INFO] 
id: MLA903951577 
title: Mochila Mujer Tropea Fiorella 
category_id: MLA120350 
name: Mochilas 

[29/03/2021 22:34:21] [INFO] 
id: MLA770716152 
title: Cartera Bandolera Mujer Tropea Bella 
category_id: MLA120353 
name: Carteras 

[29/03/2021 22:34:22] [INFO] 
id: MLA651248061 
title: Cartera Mujer Tropea Donnie 
category_id: MLA120353 
name: Carteras 

[29/03/2021 22:34:22] [INFO] 
id: MLA860936011 
title: Riñonera Mujer Tropea Phoebe 
category_id: MLA417710 
name: Riñoneras 

[29/03/2021 22:34:22] [INFO] 
id: MLA682985548 
title: Monedero Mujer Tropea Cuore Lima 
category_id: MLA417713 
name: Monederos 

[29/03/2021 22:34:22] [INFO] 
id: MLA809092232 
title: Billetera Mujer Tropea Anna 
category_id: MLA417712 
name: Billeteras 

[29/03/2021 22:34:23] [INFO] 
id: MLA812844699 
title: Billetera Mujer Tropea Imelda 
category_id: MLA417712 
name: Billeteras 

[29/03/2021 22:34:23] [INFO] 
id: MLA911444462 
title: Cartera Bandolera Tropea Tommy Magic Bag L (a) 
category_id: MLA120353 
name: Carteras 

[29/03/2021 22:34:23] [INFO] 
id: MLA907086088 
title: Mochila Mujer Tropea Meredith 
category_id: MLA120350 
name: Mochilas 

[29/03/2021 22:34:24] [INFO] 
id: MLA907908172 
title: Tarjetero Mujer Tropea Gaeta 
category_id: MLA417712 
name: Billeteras 

[29/03/2021 22:34:24] [INFO] 
id: MLA911449498 
title: Bandolera Porta Celular Tropea Tommy Magic Bag E 
category_id: MLA120353 
name: Carteras 

[29/03/2021 22:34:24] [INFO] 
id: MLA719216732 
title: Cartera Mujer Tropea Robyn  
category_id: MLA120353 
name: Carteras 

[29/03/2021 22:34:24] [INFO] 
id: MLA754886173 
title: Cartera Mujer Tropea Carol 
category_id: MLA120353 
name: Carteras 

[29/03/2021 22:34:26] [INFO] 
id: MLA897568542 
title: Mouse De Juego Logitech  G Series Prodigy G203 Negro 
category_id: MLA1714 
name: Mouses 

[29/03/2021 22:34:26] [INFO] 
id: MLA838093025 
title: Repetidor Tp-link Re200  Blanco 
category_id: MLA430901 
name: Routers 

[29/03/2021 22:34:26] [INFO] 
id: MLA886334610 
title: Mouse Inalámbrico Logitech  M280 Negro 
category_id: MLA1714 
name: Mouses 

[29/03/2021 22:34:26] [INFO] 
id: MLA881392601 
title: Mouse De Juego Logitech  G Series Prodigy G203 Blanco 
category_id: MLA1714 
name: Mouses 

[29/03/2021 22:34:27] [INFO] 
id: MLA899943852 
title: Auriculares In-ear Inalámbricos Motorola Vervebuds 100 Negro 
category_id: MLA3697 
name: Auriculares 

[29/03/2021 22:34:27] [INFO] 
id: MLA886188092 
title: Mouse Inalámbrico Logitech  M280 Plateado 
category_id: MLA1714 
name: Mouses 

[29/03/2021 22:34:27] [INFO] 
id: MLA838101352 
title: Mouse Inalámbrico Logitech  M170 Rojo Y Negro 
category_id: MLA1714 
name: Mouses 

[29/03/2021 22:34:28] [INFO] 
id: MLA898026072 
title: Teclado Genius Smart Kb-100 Qwerty Español De Color  Negro 
category_id: MLA418448 
name: Teclados Físicos 

[29/03/2021 22:34:28] [INFO] 
id: MLA909508105 
title: Impresora Hp 107w Con Wifi 220v Blanca Y Negra 
category_id: MLA1676 
name: Impresoras 

[29/03/2021 22:34:28] [INFO] 
id: MLA828930942 
title: Mouse Logitech  M90 Negro 
category_id: MLA1714 
name: Mouses 

[29/03/2021 22:34:28] [INFO] 
id: MLA900451090 
title: Auriculares Logitech H111 Gris 
category_id: MLA6049 
name: Auriculares 

[29/03/2021 22:34:29] [INFO] 
id: MLA844853443 
title: Disco Duro Externo Seagate Expansion Stea2000400 2tb Negro 
category_id: MLA1672 
name: Discos Rígidos y SSDs 

[29/03/2021 22:34:29] [INFO] 
id: MLA854016496 
title: Monitor LG 24gl600f Led 23.6  Negro 100v/240v 
category_id: MLA14407 
name: Monitores 

[29/03/2021 22:34:29] [INFO] 
id: MLA909872317 
title: Xiaomi Imilab Kw66 Smart Watch 1.28  Caja De  Aleación De Zinc  Black Malla  Black 
category_id: MLA352679 
name: Smartwatch 

[29/03/2021 22:34:30] [INFO] 
id: MLA830685690 
title: Mouse De Juego Inalámbrico Logitech  G Series Lightspeed G305 Black 
category_id: MLA1714 
name: Mouses 

[29/03/2021 22:34:30] [INFO] 
id: MLA873946107 
title: Tarjeta De Memoria Sandisk Sdsqunc-032g-gn6ma Ultra Con Adaptador Sd 32gb 
category_id: MLA3553 
name: Memorias 

[29/03/2021 22:34:30] [INFO] 
id: MLA838104753 
title: Mouse De Juego Hyperx  Pulsefire Surge Negro 
category_id: MLA1714 
name: Mouses 

[29/03/2021 22:34:31] [INFO] 
id: MLA843759786 
title: Mouse Inalámbrico Logitech  Multi-device M585 Graphite 
category_id: MLA1714 
name: Mouses 

[29/03/2021 22:34:31] [INFO] 
id: MLA897928865 
title: Repetidor Tp-link Tl-wa850re  Blanco 
category_id: MLA430901 
name: Routers 

[29/03/2021 22:34:31] [INFO] 
id: MLA838102089 
title: Mouse Inalámbrico Logitech  M170 Azul Y Negro 
category_id: MLA1714 
name: Mouses 

[29/03/2021 22:34:31] [INFO] 
id: MLA836324280 
title: Auriculares Logitech H390 Negro 
category_id: MLA6049 
name: Auriculares 

[29/03/2021 22:34:32] [INFO] 
id: MLA912990075 
title: Auriculares Gamer Hyperx Cloud Stinger Core Black 
category_id: MLA6049 
name: Auriculares 

[29/03/2021 22:34:32] [INFO] 
id: MLA898679633 
title: Teclado Genius Smart Kb-102 Qwerty Español De Color  Negro 
category_id: MLA418448 
name: Teclados Físicos 

[29/03/2021 22:34:32] [INFO] 
id: MLA822762811 
title: Monitor LG 24mk430h Led 23.8  Negro 100v/240v 
category_id: MLA14407 
name: Monitores 

[29/03/2021 22:34:33] [INFO] 
id: MLA845422754 
title: Auriculares Gamer Inalámbricos Hyperx Cloud Flight Negro Con Luz  Rojo Led 
category_id: MLA6049 
name: Auriculares 

[29/03/2021 22:34:33] [INFO] 
id: MLA903630879 
title: Monitor LG 22mn430h Led 22  Negro 100v/240v 
category_id: MLA14407 
name: Monitores 

[29/03/2021 22:34:33] [INFO] 
id: MLA900694067 
title: Impresora A Color  Multifunción Epson Ecotank L3110 220v Negra 
category_id: MLA1676 
name: Impresoras 

[29/03/2021 22:34:34] [INFO] 
id: MLA832157787 
title: Auriculares Gamer Hyperx Cloud Stinger Negro 
category_id: MLA121963 
name: Auriculares 

[29/03/2021 22:34:34] [INFO] 
id: MLA828930795 
title: Mouse De Juego Logitech  G Series G300s Negro 
category_id: MLA1714 
name: Mouses 

[29/03/2021 22:34:34] [INFO] 
id: MLA844471610 
title: Auriculares Gamer Hyperx Cloud Ii Red 
category_id: MLA6049 
name: Auriculares 

[29/03/2021 22:34:34] [INFO] 
id: MLA873359917 
title: Monitor Curvo Samsung C32f391fw Led 31.5  Blanco Alto Brillo 100v/240v 
category_id: MLA14407 
name: Monitores 

[29/03/2021 22:34:35] [INFO] 
id: MLA843638174 
title: Impresora A Color  Multifunción Hp Ink Tank 315 100v/240v Negra 
category_id: MLA1676 
name: Impresoras 

[29/03/2021 22:34:35] [INFO] 
id: MLA828930445 
title: Mouse Inalámbrico Logitech  M170 Negro 
category_id: MLA1714 
name: Mouses 

[29/03/2021 22:34:35] [INFO] 
id: MLA899062227 
title: Adaptador Powerline Tp-link Tl-wpa4220  Blanco 
category_id: MLA430901 
name: Routers 

[29/03/2021 22:34:36] [INFO] 
id: MLA873146770 
title: Impresora  Multifunción Hp Laserjet Pro M135w Con Wifi 220v - 240v Blanca Y Negra 
category_id: MLA1676 
name: Impresoras 

[29/03/2021 22:34:36] [INFO] 
id: MLA878697737 
title: Monitor LG 19m38a Led 19  Negro 100v/240v 
category_id: MLA14407 
name: Monitores 

[29/03/2021 22:34:36] [INFO] 
id: MLA853368717 
title: Teclado Gamer Logitech Serie G Prodigy G213 Qwerty Inglés Us De Color  Negro Con Luz Rgb 
category_id: MLA418448 
name: Teclados Físicos 

[29/03/2021 22:34:37] [INFO] 
id: MLA903184962 
title: Auriculares Genius Hs-200c Negro 
category_id: MLA6049 
name: Auriculares 

[29/03/2021 22:34:37] [INFO] 
id: MLA900448985 
title: Auriculares Gamer Inalámbricos Logitech G Series G935 Negro Y Azul Con Luz  Rgb Led 
category_id: MLA6049 
name: Auriculares 

[29/03/2021 22:34:37] [INFO] 
id: MLA896724467 
title: Mouse Genius  Dx-120 Calm Black 
category_id: MLA1714 
name: Mouses 

[29/03/2021 22:34:37] [INFO] 
id: MLA886599430 
title: Access Point, Router, Sistema Wi-fi Mesh Tp-link Deco E4  Blanco 100v/240v 3 Unidades 
category_id: MLA430901 
name: Routers 

[29/03/2021 22:34:38] [INFO] 
id: MLA869202267 
title: Tableta Gráfica Genius Easypen I405x 
category_id: MLA10089 
name: Tabletas Digitalizadoras 

[29/03/2021 22:34:38] [INFO] 
id: MLA865514923 
title: Mouse De Juego Logitech  G Series G600 Negro 
category_id: MLA1714 
name: Mouses 

[29/03/2021 22:34:38] [INFO] 
id: MLA826220912 
title: Joystick Inalámbrico Logitech F710 Plata Y Negro 
category_id: MLA72894 
name: Joysticks 

[29/03/2021 22:34:39] [INFO] 
id: MLA827385779 
title: Teclado Bluetooth Logitech K480 Qwerty Español De Color  Negro 
category_id: MLA418448 
name: Teclados Físicos 

[29/03/2021 22:34:39] [INFO] 
id: MLA864949145 
title: Mouse De Juego Inalámbrico Logitech  G Series Lightspeed G604 Negro 
category_id: MLA1714 
name: Mouses 

[29/03/2021 22:34:39] [INFO] 
id: MLA837427321 
title: Impresora A Color  Multifunción Epson Expression Xp-2101 Con Wifi 220v Negra 
category_id: MLA1676 
name: Impresoras 

[29/03/2021 22:34:40] [INFO] 
id: MLA912489433 
title: Monitor Hp N246v Led 23.8  Negro 100v/240v 
category_id: MLA14407 
name: Monitores 

[29/03/2021 22:34:40] [INFO] 
id: MLA874952745 
title: Xiaomi Redmi Note 9 Dual Sim 128 Gb Gris Medianoche 4 Gb Ram 
category_id: MLA1055 
name: Celulares y Smartphones 

[29/03/2021 22:34:40] [INFO] 
id: MLA886310181 
title: Monitor LG 20mk400h Led 20  Negro 100v/240v 
category_id: MLA14407 
name: Monitores 

[29/03/2021 22:34:41] [INFO] 
id: MLA883014060 
title: Samsung Galaxy A31 128 Gb Prism Crush Black 4 Gb Ram 
category_id: MLA1055 
name: Celulares y Smartphones 

[29/03/2021 22:34:41] [INFO] 
id: MLA913278813 
title: Samsung Galaxy A02s 64 Gb Azul 4 Gb Ram 
category_id: MLA1055 
name: Celulares y Smartphones 

[29/03/2021 22:34:42] [INFO] 
id: MLA913278602 
title: Samsung Galaxy A21s 128 Gb Negro 4 Gb Ram 
category_id: MLA1055 
name: Celulares y Smartphones 

[29/03/2021 22:34:42] [INFO] 
id: MLA874272681 
title:  Amazon Fire Tv Stick 2nd Generation  De Voz Full Hd 8gb  Negro Con 1gb De Memoria Ram 
category_id: MLA352001 
name: Media Streaming 

[29/03/2021 22:34:42] [INFO] 
id: MLA908782008 
title: Smart Tv Samsung Series 5 Un43t5300agczb Led Full Hd 43  220v - 240v 
category_id: MLA1002 
name: Televisores 

[29/03/2021 22:34:43] [INFO] 
id: MLA913782339 
title: Google Nest Mini 2nd Gen Asistente Virtual Google Assistant 110v/220v Chalk 
category_id: MLA409415 
name: Asistentes Virtuales 

[29/03/2021 22:34:43] [INFO] 
id: MLA886577022 
title: Auriculares In-ear Inalámbricos Razer Hammerhead True Wireless Earbuds Black 
category_id: MLA6049 
name: Auriculares 

[29/03/2021 22:34:43] [INFO] 
id: MLA886636084 
title: Tablet  Samsung Galaxy Tab A 2019 Sm-t290 8  32gb Negra Con 2gb De Memoria Ram  
category_id: MLA82085 
name: Tablets 

[29/03/2021 22:34:43] [INFO] 
id: MLA881692871 
title: Smart Tv Samsung Series Q Qn55q60ragczb Qled 4k 55  220v 
category_id: MLA1002 
name: Televisores 

[29/03/2021 22:34:44] [INFO] 
id: MLA897553310 
title: Mouse De Juego Razer  Deathadder Essential Negro 
category_id: MLA1714 
name: Mouses 

[29/03/2021 22:34:44] [INFO] 
id: MLA908439466 
title: Auriculares Gamer Inalámbricos Razer Nari Ultimate Negro Con Luz  Rgb Led 
category_id: MLA6049 
name: Auriculares 

[29/03/2021 22:34:45] [INFO] 
id: MLA905539103 
title: Auriculares Gamer Razer Kraken X Lite Black 
category_id: MLA6049 
name: Auriculares 

[29/03/2021 22:34:45] [INFO] 
id: MLA885688506 
title: Auriculares Gamer Razer Kraken Tournament Edition Black 
category_id: MLA3697 
name: Auriculares 

[29/03/2021 22:34:45] [INFO] 
id: MLA886635299 
title: Tablet  Samsung Galaxy Tab A 2019 Sm-t290 8  32gb Plata Con 2gb De Memoria Ram  
category_id: MLA82085 
name: Tablets 

[29/03/2021 22:34:45] [INFO] 
id: MLA881242704 
title: Mouse Inalámbrico Dell  Wm126 Black 
category_id: MLA1714 
name: Mouses 

[29/03/2021 22:34:46] [INFO] 
id: MLA906935676 
title: Plancha A Vapor Liliana Ceramic Color Lila 220v - 240v - Rpv301 
category_id: MLA10115 
name: Planchas 

[29/03/2021 22:34:46] [INFO] 
id: MLA876785123 
title: Lavasecarropas  Automático Candy Alisè Gvfwfl4139 Inverter Anthracite 13kg 220 v 
category_id: MLA431202 
name: Lavarropas y Lavasecarropas 

[29/03/2021 22:34:46] [INFO] 
id: MLA886138846 
title: Lavarropas  Automático Candy Rapidó Ro1696dwhc7r Inverter Anthracite 9kg 220 v 
category_id: MLA431202 
name: Lavarropas y Lavasecarropas 

[29/03/2021 22:34:47] [INFO] 
id: MLA881677202 
title: Joystick Inalámbrico Nintendo Joy-con Neon Purple Y Neon Orange 
category_id: MLA416556 
name: Gamepads y Joysticks 

[29/03/2021 22:34:47] [INFO] 
id: MLA899606671 
title: Mouse De Juego Razer  Viper Mini Negro 
category_id: MLA1714 
name: Mouses 

[29/03/2021 22:34:47] [INFO] 
id: MLA862625134 
title: Pava Eléctrica Liliana Ap975 Tempomate Color Negra 220v - 240v 1.7l 
category_id: MLA10064 
name: Jarras Eléctricas 

[29/03/2021 22:34:47] [INFO] 
id: MLA911870953 
title: Smart Tv Samsung Series 7 Un55tu7000gxzd Led 4k 55  100v/240v 
category_id: MLA1002 
name: Televisores 

[29/03/2021 22:34:48] [INFO] 
id: MLA902701729 
title: Mouse De Juego Razer  Deathadder V2 Mini Negro 
category_id: MLA1714 
name: Mouses 

[29/03/2021 22:34:48] [INFO] 
id: MLA879461053 
title: Lavarropas  Automático Candy Cst68d Blanco 6kg 220 v 
category_id: MLA431202 
name: Lavarropas y Lavasecarropas 

[29/03/2021 22:34:48] [INFO] 
id: MLA881682343 
title: Joystick Inalámbrico Nintendo Joy-con Neon Pink Y Neon Green 
category_id: MLA416556 
name: Gamepads y Joysticks 

[29/03/2021 22:34:49] [INFO] 
id: MLA881245140 
title: Auriculares Gamer Razer Kraken X Classic Black 
category_id: MLA439596 
name: Auriculares 

[29/03/2021 22:34:49] [INFO] 
id: MLA913783176 
title: Notebook Gamer Msi Thin Gf63 Negra 15.6 , Intel Core I5 9300h 8gb De Ram 256gb Ssd, Nvidia Geforce Gtx 1650 1920x1080px Windows 10 Home 
category_id: MLA1652 
name: Notebooks 

[29/03/2021 22:34:49] [INFO] 
id: MLA898894294 
title: Smart Tv Samsung Series 7 Un50tu7000gczb Led 4k 50  220v - 240v 
category_id: MLA1002 
name: Televisores 

[29/03/2021 22:34:49] [INFO] 
id: MLA911921969 
title: Auriculares In-ear Jbl Tune 110 Blue 
category_id: MLA3697 
name: Auriculares 

[29/03/2021 22:34:50] [INFO] 
id: MLA912001343 
title: Adaptador Powerline Devolo Dlan 1200+ Wifi Ac Starter Kit  Blanco 220v 2 Unidades 
category_id: MLA430901 
name: Routers 

[29/03/2021 22:34:50] [INFO] 
id: MLA874450057 
title: Auriculares Gamer Razer Kraken X Console 
category_id: MLA3697 
name: Auriculares 

[29/03/2021 22:34:50] [INFO] 
id: MLA909791512 
title: Samsung Galaxy Watch Active (bluetooth) 1.1  Caja 40mm De  Aluminio Malla De  Fluoroelastómero Y Bisel  Black Sm-r500 
category_id: MLA352679 
name: Smartwatch 

[29/03/2021 22:34:51] [INFO] 
id: MLA860132429 
title: Parlante House Of Marley Chant Mini Bt Portátil Con Bluetooth Green 
category_id: MLA8618 
name: Parlantes Portátiles 

[29/03/2021 22:34:51] [INFO] 
id: MLA911999478 
title: Adaptador Powerline Devolo Dlan 1200+ Wifi Ac Single  Blanco 196v/250v 
category_id: MLA430901 
name: Routers 

[29/03/2021 22:34:51] [INFO] 
id: MLA862622073 
title: Batidora Planetaria Liliana Turbobat Negra 220v - 240v 
category_id: MLA10085 
name: Batidoras 

[29/03/2021 22:34:51] [INFO] 
id: MLA907939909 
title: Tablet  Samsung Galaxy Tab A7 Sm-t500 10.4  64gb Gold Con 3gb De Memoria Ram  
category_id: MLA82085 
name: Tablets 

[29/03/2021 22:34:52] [INFO] 
id: MLA896224383 
title: Auriculares Gamer Hyperx Cloud Alpha Negro Y Rojo 
category_id: MLA6049 
name: Auriculares 

[29/03/2021 22:34:52] [INFO] 
id: MLA881242231 
title: Mouse Dell  Ms116 Negro 
category_id: MLA1714 
name: Mouses 

[29/03/2021 22:34:52] [INFO] 
id: MLA886500353 
title: Auriculares Jbl Tune 500 Blanco 
category_id: MLA3697 
name: Auriculares 

[29/03/2021 22:34:53] [INFO] 
id: MLA884977422 
title: Mouse De Juego Xtrike-me  Gm-216 Negro 
category_id: MLA1714 
name: Mouses 

[29/03/2021 22:34:53] [INFO] 
id: MLA907941113 
title: Tablet  Samsung Galaxy Tab A7 Sm-t500 10.4  64gb Dark Gray Con 3gb De Memoria Ram  
category_id: MLA82085 
name: Tablets 

[29/03/2021 22:34:53] [INFO] 
id: MLA912030047 
title: Samsung Galaxy S21+ 5g 128 Gb Phantom Black 8 Gb Ram 
category_id: MLA1055 
name: Celulares y Smartphones 

[29/03/2021 22:34:54] [INFO] 
id: MLA885013237 
title: Batidora Planetaria Alhias Aeb-105 Plateada 220v - 240v 50 Hz/60 Hz 
category_id: MLA10085 
name: Batidoras 

[29/03/2021 22:34:54] [INFO] 
id: MLA843113298 
title: Parlante Jbl Flip 5 Portátil Con Bluetooth Black Matte 
category_id: MLA8618 
name: Parlantes Portátiles 

[29/03/2021 22:34:54] [INFO] 
id: MLA907094528 
title: Lavarropas  Automático Candy Grandó Vita Gvs128 Blanco 8kg 220 v 
category_id: MLA431202 
name: Lavarropas y Lavasecarropas 

[29/03/2021 22:34:54] [INFO] 
id: MLA898888228 
title: Smart Tv Samsung Series 7 Un43tu7000gczb Led 4k 43  220v - 240v 
category_id: MLA1002 
name: Televisores 

[29/03/2021 22:34:55] [INFO] 
id: MLA911921187 
title: Mouse De Juego Hyperx  Pulsefire Raid Negro 
category_id: MLA1714 
name: Mouses 

[29/03/2021 22:34:55] [INFO] 
id: MLA911587846 
title: Teclado Gamer Razer Cynosa V2 Qwerty Español De Color  Negro Con Luz Rgb 
category_id: MLA418448 
name: Teclados Físicos 

[29/03/2021 22:34:55] [INFO] 
id: MLA909691831 
title: Tablet  Smart Kassel Sk5501 10.1  16gb Negra Con 2gb De Memoria Ram  
category_id: MLA82085 
name: Tablets 

[29/03/2021 22:34:56] [INFO] 
id: MLA911920461 
title: Teclado Gamer Hyperx Alloy Elite 2 Qwerty Red Inglés Us De Color  Negro Con Luz Rgb 
category_id: MLA418448 
name: Teclados Físicos 

[29/03/2021 22:34:56] [INFO] 
id: MLA835973747 
title: Auriculares Gamer Kotion Each G9000 Black Y Blue 
category_id: MLA121963 
name: Auriculares 

[29/03/2021 22:34:57] [INFO] 
id: MLA877592025 
title: Micrófono Newvision Nw-800 Condensador  Cardioide 
category_id: MLA91758 
name: Micrófonos 

[29/03/2021 22:34:57] [INFO] 
id: MLA880288745 
title: Micrófono Fifine T730 Condensador  Cardioide Negro 
category_id: MLA91758 
name: Micrófonos 

[29/03/2021 22:34:58] [INFO] 
id: MLA903198693 
title: Auriculares Gamer Kotion G2000 Negro Y Azul Con Luz Led 
category_id: MLA121963 
name: Auriculares 

[29/03/2021 22:34:58] [INFO] 
id: MLA879870848 
title: Joystick Inalámbrico Newvision Dc691 Negro 
category_id: MLA72894 
name: Joysticks 

[29/03/2021 22:34:58] [INFO] 
id: MLA907084340 
title: Cámara Deportiva Vstarcam S2r 4k Negra 
category_id: MLA392132 
name: Filmadoras y Cámaras de Acción 

[29/03/2021 22:34:58] [INFO] 
id: MLA877586836 
title: Micrófono Fifine K730 Condensador  Cardioide Y Unidireccional Negro 
category_id: MLA91758 
name: Micrófonos 

[29/03/2021 22:34:59] [INFO] 
id: MLA907084256 
title: Cámara Deportiva Vstarcam J1 Full Hd Negra 
category_id: MLA392132 
name: Filmadoras y Cámaras de Acción 

[29/03/2021 22:34:59] [INFO] 
id: MLA870735421 
title: Auriculares In-ear Inalámbricos Qcy T2c Negro 
category_id: MLA3697 
name: Auriculares 

[29/03/2021 22:34:59] [INFO] 
id: MLA912023071 
title: Micrófono Fifine F-800 Condensador Negro 
category_id: MLA91758 
name: Micrófonos 

[29/03/2021 22:35:00] [INFO] 
id: MLA913833628 
title: Soldadora Inverter Newvision Mma-120a Naranja/negro 220v 
category_id: MLA5231 
name: Soldadoras 

[29/03/2021 22:35:00] [INFO] 
id: MLA833704696 
title: Cama Elastica Saltarina Niños Adultos Grande 2.44m Oferta 
category_id: MLA90319 
name: Camas Elásticas 

[29/03/2021 22:35:00] [INFO] 
id: MLA885174783 
title: Ukelele Soprano De Madera + Funda + Cuerda + Pua + Colores 
category_id: MLA377642 
name: Ukeleles 

[29/03/2021 22:35:00] [INFO] 
id: MLA787072105 
title: Teclado Musical Piano Organo Infantil Niño Juguete + Mic  
category_id: MLA90323 
name: Pianos y Organos 

[29/03/2021 22:35:01] [INFO] 
id: MLA836322319 
title: Bomba Presurizadora Elevadora Presion Agua 9 Metros Altura 
category_id: MLA30768 
name: Bombas Centrífugas 

[29/03/2021 22:35:01] [INFO] 
id: MLA874995140 
title: Teclado Musical Piano Organo Infantil Niño Juguete 25 Teclas 
category_id: MLA90323 
name: Pianos y Organos 

[29/03/2021 22:35:01] [INFO] 
id: MLA787474562 
title: Microscopio Optico Digital 600x Electronico Pantalla Led Hd 
category_id: MLA32230 
name: Microscopios 

[29/03/2021 22:35:02] [INFO] 
id: MLA788134364 
title: Sacacorchos Automatico Electrico Abridor Vinos Destapador 
category_id: MLA414063 
name: Sacacorchos 

[29/03/2021 22:35:02] [INFO] 
id: MLA611998372 
title: Grabador De Voz Periodista Mini Digital Microfono Sonido 8gb + Kit Grabacion Oculto Espia 
category_id: MLA60306 
name: Digitales 

[29/03/2021 22:35:02] [INFO] 
id: MLA874513340 
title: Webcam Camara Web Para Pc Usb Hd 1080p Con Microfono  
category_id: MLA1667 
name: Webcams 

[29/03/2021 22:35:03] [INFO] 
id: MLA787442649 
title: Collar Antiladrido Electrico Vibracion Adiestramiento Perros Canino Recargable 
category_id: MLA433495 
name: Collares Antiladridos 

[29/03/2021 22:35:03] [INFO] 
id: MLA876326968 
title: Kit Microfono Condenser Radio Estudio Youtube Stream Podcast 
category_id: MLA91758 
name: Micrófonos 

[29/03/2021 22:35:03] [INFO] 
id: MLA811962045 
title: Binocular Largavista Prismatico Mini Hd 30x60 Caza Avistaje 1000mts + Funda 
category_id: MLA4707 
name: Binoculares 

[29/03/2021 22:35:04] [INFO] 
id: MLA762431864 
title: Teclado Y Mouse Gamer Usb Retro Iluminado Led 2000dpi Combo Kit  
category_id: MLA6263 
name: Kits - Mouse y Teclado 

[29/03/2021 22:35:04] [INFO] 
id: MLA870796231 
title: Caja Luz Led Fotografia Cubo Fotografico Plegable Box 40cm 
category_id: MLA413974 
name: Mini Estudios Fotográficos 

[29/03/2021 22:35:04] [INFO] 
id: MLA787497713 
title: Microscopio Optico Digital 1000x Electronico Usb Zoom Led 
category_id: MLA32230 
name: Microscopios 

[29/03/2021 22:35:05] [INFO] 
id: MLA841200728 
title: Set 5 Bandas Elasticas Ejercicio Entrenamiento Fitness  
category_id: MLA12222 
name: Bandas Elásticas 

[29/03/2021 22:35:05] [INFO] 
id: MLA809994053 
title: Linterna Led Potente Tactica Militar Recargable Caza Pesca Zoom + Kit 
category_id: MLA47781 
name: De Mano 

[29/03/2021 22:35:05] [INFO] 
id: MLA875204094 
title: Teclado Musical Piano Organo Infantil Niño Juguete 49 Teclas 
category_id: MLA90323 
name: Pianos y Organos 

[29/03/2021 22:35:06] [INFO] 
id: MLA817228341 
title: Domo Para Camara Sumergible Gopro Con Gatillo Baston Go Pro 
category_id: MLA416581 
name: Domos para Cámaras de Acción 

[29/03/2021 22:35:06] [INFO] 
id: MLA873394866 
title: Auricular Gamer Ps4 Xbox Pc Headset Sonido Hd + Microfono 
category_id: MLA121963 
name: Auriculares 

[29/03/2021 22:35:06] [INFO] 
id: MLA786845982 
title: Ukelele Soprano De Madera + Funda + Afinador + Correa + Pua 
category_id: MLA377642 
name: Ukeleles 

[29/03/2021 22:35:06] [INFO] 
id: MLA603822110 
title: Palo Baston Selfie Flotador Sumergible Camara Gopro Go Pro 
category_id: MLA62528 
name: Monopies 

[29/03/2021 22:35:07] [INFO] 
id: MLA834155569 
title: Cable Usb A Micro Usb 1 Metro Celular Tablet Venta X Unidad 
category_id: MLA5338 
name: Cables de Datos 

[29/03/2021 22:35:07] [INFO] 
id: MLA791482061 
title: Masajeador Cervical Cuello Espalda Pies Electrico 6 Nodos 
category_id: MLA417723 
name: Eléctricos 

[29/03/2021 22:35:07] [INFO] 
id: MLA846439195 
title: Maquina Soldar Inverter Soldadora Tig Mma 120 Amp + Mascara 
category_id: MLA5231 
name: Soldadoras 

[29/03/2021 22:35:08] [INFO] 
id: MLA762432343 
title: Teclado Y Mouse Gamer Usb Retro Iluminado Led 2400dpi Combo Kit  
category_id: MLA6263 
name: Kits - Mouse y Teclado 

[29/03/2021 22:35:08] [INFO] 
id: MLA603451865 
title: Reproductor Mp3 Player Deportivo Musica Vincha Sport Fit Run Usb 
category_id: MLA5991 
name: MP3 

[29/03/2021 22:35:08] [INFO] 
id: MLA826781797 
title: Bateria Infantil Niños Electronica Musical Digital 9 Pad 
category_id: MLA90315 
name: Baterías 

[29/03/2021 22:35:09] [INFO] 
id: MLA908178063 
title: Balanza Digital De Baño Para Personas Corporal Pies 180kg  
category_id: MLA9554 
name: Balanzas de Baño 

[29/03/2021 22:35:09] [INFO] 
id: MLA643091624 
title: Auricular Gamer Para Pc Headset Con Microfono Sonido Hd Stereo 
category_id: MLA6049 
name: Auriculares 

[29/03/2021 22:35:09] [INFO] 
id: MLA759245450 
title: Transformador Cargador Fuente Switching 5v 2a Reales / 220v 
category_id: MLA5848 
name: Transformadores y Fuentes 

[29/03/2021 22:35:10] [INFO] 
id: MLA788310128 
title: Teclado Musical Piano Organo Infantil Niño Juguete 54 Teclas 
category_id: MLA90323 
name: Pianos y Organos 

[29/03/2021 22:35:10] [INFO] 
id: MLA899101463 
title: Bomba De Vacio Para Botella De Vino Con Tapones Accesorio 
category_id: MLA417195 
name: Bombas de Vacío para Vino 

[29/03/2021 22:35:10] [INFO] 
id: MLA606537474 
title: Grabador De Voz Oculto Espia 8gb Periodista Mini Digital Microfono Sonido 
category_id: MLA60306 
name: Digitales 

[29/03/2021 22:35:11] [INFO] 
id: MLA811947138 
title: Set 5 Bandas Elasticas Entrenamiento Reforzada Para Ejercicio Fitness Funcional Pilates Gimnasia Resistencia  
category_id: MLA12222 
name: Bandas Elásticas 

[29/03/2021 22:35:11] [INFO] 
id: MLA759242080 
title: Transformador Cargador Fuente Switching 5v 2a Usb / 220v 
category_id: MLA5848 
name: Transformadores y Fuentes 

[29/03/2021 22:35:11] [INFO] 
id: MLA763123974 
title: Kit X 6 Handy Baofeng Radio Walkie Talkie Bf888s 16ch Uhf + Auricular Manos Libres 
category_id: MLA5824 
name: Handies 

[29/03/2021 22:35:12] [INFO] 
id: MLA787505520 
title: Cargador De Baterias Lipo Imax B6 Balanceador De Carga 
category_id: MLA1847 
name: Otros 

[29/03/2021 22:35:12] [INFO] 
id: MLA909657717 
title: Bomba Periferica Elevadora Centrifuga Agua Turbina De Bronce 
category_id: MLA30768 
name: Bombas Centrífugas 

